Файл события: 1eba2aa1-2acf-460d-91e6-55a8c3e3b7a3.json
Использумая схема: label_selected.schema
    1: 'user' is a required property

    Всего ошибок: 1
----------------------------------------
Файл события: 297e4dc6-07d1-420d-a5ae-e4aff3aedc19.json
Использумая схема: sleep_created.schema

    Всего ошибок: 0 Файл валиден.
----------------------------------------
Файл события: 29f0bfa7-bd51-4d45-93be-f6ead1ae0b96.json
Ошибка: В файле события отсутствует назнание схемы
или файл не содержит данных, файл обработан не будет.

    Всего ошибок: 1
----------------------------------------
Файл события: 2e8ffd3c-dbda-42df-9901-b7a30869511a.json
Ошибка: Некорректное имя схемы в событии: "meditation_created"
Использумая схема: cmarker_created.schema

    Всего ошибок: 1
----------------------------------------
Файл события: 3ade063d-d1b9-453f-85b4-dda7bfda4711.json
Ошибка: Некорректное имя схемы в событии: "cmarker_calculated"
Использумая схема: cmarker_created.schema

    Всего ошибок: 1
----------------------------------------
Файл события: 3b4088ef-7521-4114-ac56-57c68632d431.json
Использумая схема: cmarker_created.schema

    Всего ошибок: 0 Файл валиден.
----------------------------------------
Файл события: 6b1984e5-4092-4279-9dce-bdaa831c7932.json
Ошибка: Некорректное имя схемы в событии: "meditation_created"
Использумая схема: cmarker_created.schema

    Всего ошибок: 1
----------------------------------------
Файл события: a95d845c-8d9e-4e07-8948-275167643a40.json
Ошибка: В файле события отсутствует назнание схемы
или файл не содержит данных, файл обработан не будет.

    Всего ошибок: 1
----------------------------------------
Файл события: ba25151c-914f-4f47-909a-7a65a6339f34.json
Ошибка: Некорректное имя схемы в событии: "label_       selected"
Использумая схема: label_selected.schema
    2: 'user' is a required property

    Всего ошибок: 2
----------------------------------------
Файл события: bb998113-bc02-4cd1-9410-d9ae94f53eb0.json
Использумая схема: sleep_created.schema

    Всего ошибок: 0 Файл валиден.
----------------------------------------
Файл события: c72d21cf-1152-4d8e-b649-e198149d5bbb.json
Ошибка: Некорректное имя схемы в событии: "meditation_created"
Использумая схема: cmarker_created.schema

    Всего ошибок: 1
----------------------------------------
Файл события: cc07e442-7986-4714-8fc2-ac2256690a90.json
Использумая схема: label_selected.schema
    1: 'user' is a required property

    Всего ошибок: 1
----------------------------------------
Файл события: e2d760c3-7e10-4464-ab22-7fda6b5e2562.json
Использумая схема: cmarker_created.schema

    Всего ошибок: 0 Файл валиден.
----------------------------------------
Файл события: f5656ff6-29e1-46b0-8d8a-ff77f9cc0953.json
Использумая схема: sleep_created.schema

    Всего ошибок: 0 Файл валиден.
----------------------------------------
Файл события: fb1a0854-9535-404d-9bdd-9ec0abb6cd6c.json
Использумая схема: cmarker_created.schema

    Всего ошибок: 0 Файл валиден.
----------------------------------------
Файл события: ffe6b214-d543-40a8-8da3-deb0dc5bbd8c.json
Использумая схема: cmarker_created.schema
    1: None is not of type 'integer'

    Всего ошибок: 1
----------------------------------------
